<?xml version="1.0" encoding="UTF-8"?>
<!-- Generated by org.testng.reporters.JUnitXMLReporter -->
<testsuite ignored="0" hostname="LAPTOP-9OAKA2JF" failures="0" tests="3" name="ProductionTestEnvironment" time="63.439" errors="0" timestamp="2021-05-12T12:09:08 NZST">
  <testcase classname="TestClass.PropertySearch" name="navigationTest" time="2.406"/>
  <testcase classname="TestClass.PropertySearch" name="navigationTest" time="2.353"/>
  <testcase classname="TestClass.PropertySearch" name="navigationTest" time="3.91"/>
</testsuite> <!-- ProductionTestEnvironment -->
