<?xml version="1.0" encoding="UTF-8"?>
<!-- Generated by org.testng.reporters.JUnitXMLReporter -->
<testsuite ignored="0" hostname="LAPTOP-9OAKA2JF" failures="0" tests="6" name="PropertySearchTest" time="231.492" errors="0" timestamp="2021-05-14T16:45:47 NZST">
  <testcase classname="TestClass.PropertySearch" name="navigationTest" time="58.324"/>
  <testcase classname="TestClass.PropertySearch" name="navigationTest" time="25.297"/>
  <testcase classname="TestClass.PropertySearch" name="navigationTest" time="32.811"/>
  <testcase classname="TestClass.PropertySearch" name="navigationTest" time="21.015"/>
  <testcase classname="TestClass.PropertySearch" name="navigationTest" time="25.809"/>
  <testcase classname="TestClass.PropertySearch" name="navigationTest" time="25.143"/>
</testsuite> <!-- PropertySearchTest -->
