<?xml version="1.0" encoding="UTF-8"?>
<!-- Generated by org.testng.reporters.JUnitXMLReporter -->
<testsuite ignored="0" hostname="LAPTOP-9OAKA2JF" failures="0" tests="3" name="StagingTestEnvironment" time="81.91" errors="0" timestamp="2021-05-12T12:08:04 NZST">
  <testcase classname="TestClass.PropertySearch" name="navigationTest" time="2.546"/>
  <testcase classname="TestClass.PropertySearch" name="navigationTest" time="2.873"/>
  <testcase classname="TestClass.PropertySearch" name="navigationTest" time="4.218"/>
</testsuite> <!-- StagingTestEnvironment -->
