<?xml version="1.0" encoding="UTF-8"?>
<!-- Generated by org.testng.reporters.JUnitXMLReporter -->
<testsuite ignored="0" hostname="LAPTOP-9OAKA2JF" failures="0" tests="6" name="TestEnvironment" time="132.289" errors="0" timestamp="2021-05-13T17:56:33 NZST">
  <testcase classname="TestClass.PropertySearch" name="navigationTest" time="20.236"/>
  <testcase classname="TestClass.PropertySearch" name="navigationTest" time="17.047"/>
  <testcase classname="TestClass.PropertySearch" name="navigationTest" time="17.741"/>
  <testcase classname="TestClass.PropertySearch" name="navigationTest" time="13.347"/>
  <testcase classname="TestClass.PropertySearch" name="navigationTest" time="14.302"/>
  <testcase classname="TestClass.PropertySearch" name="navigationTest" time="13.662"/>
</testsuite> <!-- TestEnvironment -->
