<?xml version="1.0" encoding="UTF-8"?>
<!-- Generated by org.testng.reporters.JUnitXMLReporter -->
<testsuite ignored="0" hostname="LAPTOP-9OAKA2JF" failures="0" tests="6" name="Default test" time="130.459" errors="0" timestamp="2021-05-14T13:00:41 NZST">
  <testcase classname="TestClass.PropertySearch" name="navigationTest" time="18.209"/>
  <testcase classname="TestClass.PropertySearch" name="navigationTest" time="16.103"/>
  <testcase classname="TestClass.PropertySearch" name="navigationTest" time="19.097"/>
  <testcase classname="TestClass.PropertySearch" name="navigationTest" time="15.35"/>
  <testcase classname="TestClass.PropertySearch" name="navigationTest" time="14.249"/>
  <testcase classname="TestClass.PropertySearch" name="navigationTest" time="14.558"/>
</testsuite> <!-- Default test -->
